Determining if the Q_WS_WIN exist failed with the following output:
Change Dir: /home/tavu/karakaxa-new-disign/build/CMakeFiles/CMakeTmp

Run Build Command:/usr/bin/gmake "cmTryCompileExec1841907252/fast"
/usr/bin/gmake -f CMakeFiles/cmTryCompileExec1841907252.dir/build.make CMakeFiles/cmTryCompileExec1841907252.dir/build
gmake[1]: Entering directory `/home/tavu/karakaxa-new-disign/build/CMakeFiles/CMakeTmp'
/usr/bin/cmake -E cmake_progress_report /home/tavu/karakaxa-new-disign/build/CMakeFiles/CMakeTmp/CMakeFiles 1
Building CXX object CMakeFiles/cmTryCompileExec1841907252.dir/CheckSymbolExists.cxx.o
/usr/bin/c++     -o CMakeFiles/cmTryCompileExec1841907252.dir/CheckSymbolExists.cxx.o -c /home/tavu/karakaxa-new-disign/build/CMakeFiles/CMakeTmp/CheckSymbolExists.cxx
/home/tavu/karakaxa-new-disign/build/CMakeFiles/CMakeTmp/CheckSymbolExists.cxx: In function ‘int main(int, char**)’:
/home/tavu/karakaxa-new-disign/build/CMakeFiles/CMakeTmp/CheckSymbolExists.cxx:8:19: error: ‘Q_WS_WIN’ was not declared in this scope
gmake[1]: *** [CMakeFiles/cmTryCompileExec1841907252.dir/CheckSymbolExists.cxx.o] Error 1
gmake[1]: Leaving directory `/home/tavu/karakaxa-new-disign/build/CMakeFiles/CMakeTmp'
gmake: *** [cmTryCompileExec1841907252/fast] Error 2

File /home/tavu/karakaxa-new-disign/build/CMakeFiles/CMakeTmp/CheckSymbolExists.cxx:
/* */
#include <QtCore/qglobal.h>

int main(int argc, char** argv)
{
  (void)argv;
#ifndef Q_WS_WIN
  return ((int*)(&Q_WS_WIN))[argc];
#else
  (void)argc;
  return 0;
#endif
}

Determining if the Q_WS_QWS exist failed with the following output:
Change Dir: /home/tavu/karakaxa-new-disign/build/CMakeFiles/CMakeTmp

Run Build Command:/usr/bin/gmake "cmTryCompileExec3014353509/fast"
/usr/bin/gmake -f CMakeFiles/cmTryCompileExec3014353509.dir/build.make CMakeFiles/cmTryCompileExec3014353509.dir/build
gmake[1]: Entering directory `/home/tavu/karakaxa-new-disign/build/CMakeFiles/CMakeTmp'
/usr/bin/cmake -E cmake_progress_report /home/tavu/karakaxa-new-disign/build/CMakeFiles/CMakeTmp/CMakeFiles 1
Building CXX object CMakeFiles/cmTryCompileExec3014353509.dir/CheckSymbolExists.cxx.o
/usr/bin/c++     -o CMakeFiles/cmTryCompileExec3014353509.dir/CheckSymbolExists.cxx.o -c /home/tavu/karakaxa-new-disign/build/CMakeFiles/CMakeTmp/CheckSymbolExists.cxx
/home/tavu/karakaxa-new-disign/build/CMakeFiles/CMakeTmp/CheckSymbolExists.cxx: In function ‘int main(int, char**)’:
/home/tavu/karakaxa-new-disign/build/CMakeFiles/CMakeTmp/CheckSymbolExists.cxx:8:19: error: ‘Q_WS_QWS’ was not declared in this scope
gmake[1]: *** [CMakeFiles/cmTryCompileExec3014353509.dir/CheckSymbolExists.cxx.o] Error 1
gmake[1]: Leaving directory `/home/tavu/karakaxa-new-disign/build/CMakeFiles/CMakeTmp'
gmake: *** [cmTryCompileExec3014353509/fast] Error 2

File /home/tavu/karakaxa-new-disign/build/CMakeFiles/CMakeTmp/CheckSymbolExists.cxx:
/* */
#include <QtCore/qglobal.h>

int main(int argc, char** argv)
{
  (void)argv;
#ifndef Q_WS_QWS
  return ((int*)(&Q_WS_QWS))[argc];
#else
  (void)argc;
  return 0;
#endif
}

Determining if the Q_WS_MAC exist failed with the following output:
Change Dir: /home/tavu/karakaxa-new-disign/build/CMakeFiles/CMakeTmp

Run Build Command:/usr/bin/gmake "cmTryCompileExec3677444110/fast"
/usr/bin/gmake -f CMakeFiles/cmTryCompileExec3677444110.dir/build.make CMakeFiles/cmTryCompileExec3677444110.dir/build
gmake[1]: Entering directory `/home/tavu/karakaxa-new-disign/build/CMakeFiles/CMakeTmp'
/usr/bin/cmake -E cmake_progress_report /home/tavu/karakaxa-new-disign/build/CMakeFiles/CMakeTmp/CMakeFiles 1
Building CXX object CMakeFiles/cmTryCompileExec3677444110.dir/CheckSymbolExists.cxx.o
/usr/bin/c++     -o CMakeFiles/cmTryCompileExec3677444110.dir/CheckSymbolExists.cxx.o -c /home/tavu/karakaxa-new-disign/build/CMakeFiles/CMakeTmp/CheckSymbolExists.cxx
/home/tavu/karakaxa-new-disign/build/CMakeFiles/CMakeTmp/CheckSymbolExists.cxx: In function ‘int main(int, char**)’:
/home/tavu/karakaxa-new-disign/build/CMakeFiles/CMakeTmp/CheckSymbolExists.cxx:8:19: error: ‘Q_WS_MAC’ was not declared in this scope
gmake[1]: *** [CMakeFiles/cmTryCompileExec3677444110.dir/CheckSymbolExists.cxx.o] Error 1
gmake[1]: Leaving directory `/home/tavu/karakaxa-new-disign/build/CMakeFiles/CMakeTmp'
gmake: *** [cmTryCompileExec3677444110/fast] Error 2

File /home/tavu/karakaxa-new-disign/build/CMakeFiles/CMakeTmp/CheckSymbolExists.cxx:
/* */
#include <QtCore/qglobal.h>

int main(int argc, char** argv)
{
  (void)argv;
#ifndef Q_WS_MAC
  return ((int*)(&Q_WS_MAC))[argc];
#else
  (void)argc;
  return 0;
#endif
}

